[toolgen999.com/coinmaster2022/index.html]
[backblue.gif]
[fade.gif]
[index.html]
[browser.sentry-cdn.com/6.4.1/bundle.min.js]
[www.google-analytics.com/analytics.js]
[d13pxqgp3ixdbh.cloudfront.net/uploads/16369872739c763d4d2f3aa502aaeba2891b5d8448.jpg]
[d13pxqgp3ixdbh.cloudfront.net/uploads/16092706812cfcd4f149e83a5a4d47a8d9de077bb1.png]
[d13pxqgp3ixdbh.cloudfront.net/uploads/1503049344e5a4b9064a106ccb98c961c6b73fa271.png]
[d13pxqgp3ixdbh.cloudfront.net/uploads/1636988804a288ccbb279b1d36af81b92880d61cab.png]
[d13pxqgp3ixdbh.cloudfront.net/uploads/16356530149871f3ad26cacfb5ad62be3af4f83078.png]
[d13pxqgp3ixdbh.cloudfront.net/uploads/16356530079192e6f42956c06c93882dc8f2b524f5.png]
[d13pxqgp3ixdbh.cloudfront.net/uploads/16356530209e46ef11b612e6f52b6e6b67f322a7af.png]
[d13pxqgp3ixdbh.cloudfront.net/uploads/163565302671a941e9ac48f19ce1f2ca237332eb50.png]
[d13pxqgp3ixdbh.cloudfront.net/uploads/1636472786ee1905a53e0b903bb72600a288d20d03.png]
[d13pxqgp3ixdbh.cloudfront.net/uploads/16364715366bbcfd0471c3793eb21b30488e7b79ac.png]
[d13pxqgp3ixdbh.cloudfront.net/uploads/163542468278c021e06cc778d4aef36f80e47413a2.gif]
[d13pxqgp3ixdbh.cloudfront.net/uploads/160838706143055185ffaafc67a71650ee9406b0f7.png]
[ajax.googleapis.com/ajax/libs/jquery/2.2.4/jquery.min.js]
[dby7kx9z9yzse.cloudfront.net/87c72bf.js]
[toolgen999.com/coinmaster2022/index.html]
[toolgen999.com/coinmaster2022/customTemplateGlobal.html]
